<?xml version="1.0" encoding="utf-8"?><testsuites name="pytest tests"><testsuite name="pytest" errors="0" failures="1" skipped="0" tests="32" time="77.624" timestamp="2026-03-04T12:58:40.994492+00:00" hostname="agent-env-c2985002-54a9-4ace-b985-4aaa1318a1e4"><testcase classname="tests.test_admin_config.TestAdminSystemConfig" name="test_system_config_requires_auth" time="1.132" /><testcase classname="tests.test_admin_config.TestAdminSystemConfig" name="test_system_config_requires_admin_role" time="4.644" /><testcase classname="tests.test_admin_config.TestAdminSystemConfig" name="test_active_pairs_list_structure" time="4.295" /><testcase classname="tests.test_admin_config.TestAdminSystemConfig" name="test_xauusd_is_enabled" time="6.890" /><testcase classname="tests.test_admin_config.TestAdminSystemConfig" name="test_xaueur_is_enabled" time="4.444" /><testcase classname="tests.test_admin_config.TestAdminSystemConfig" name="test_gbpjpy_is_enabled" time="1.005" /><testcase classname="tests.test_admin_config.TestAdminSystemConfig" name="test_audusd_is_enabled" time="1.026" /><testcase classname="tests.test_admin_config.TestAdminSystemConfig" name="test_all_requested_pairs_enabled" time="1.008" /><testcase classname="tests.test_admin_config.TestAdminSystemConfig" name="test_btcusd_is_disabled" time="1.013" /><testcase classname="tests.test_admin_config.TestAdminSystemConfig" name="test_tp_sl_config_structure" time="1.008" /><testcase classname="tests.test_admin_config.TestAdminSystemConfig" name="test_outcome_tracker_status" time="1.020" /><testcase classname="tests.test_admin_config.TestSignalGenerationEndpoints" name="test_generate_signal_endpoint_exists" time="1.050" /><testcase classname="tests.test_admin_config.TestSignalGenerationEndpoints" name="test_signals_list_endpoint" time="8.099" /><testcase classname="tests.test_admin_config.TestHealthAndStatus" name="test_health_check" time="3.888" /><testcase classname="tests.test_auth.TestAuthentication" name="test_health_endpoint" time="3.991" /><testcase classname="tests.test_auth.TestAuthentication" name="test_admin_login_returns_token_and_role" time="8.189" /><testcase classname="tests.test_auth.TestAuthentication" name="test_login_invalid_credentials" time="3.360" /><testcase classname="tests.test_auth.TestAuthentication" name="test_auth_me_returns_role" time="7.853" /><testcase classname="tests.test_auth.TestAuthentication" name="test_protected_endpoint_without_token" time="3.891" /><testcase classname="tests.test_signals.TestSignalEndpoints" name="test_get_signals_requires_auth" time="0.433" /><testcase classname="tests.test_signals.TestSignalEndpoints" name="test_get_signals_authenticated" time="0.991" /><testcase classname="tests.test_signals.TestSignalEndpoints" name="test_get_stats_requires_auth" time="0.543" /><testcase classname="tests.test_signals.TestSignalEndpoints" name="test_get_stats_authenticated" time="1.025" /><testcase classname="tests.test_signals.TestSignalEndpoints" name="test_get_active_signals" time="1.001" /><testcase classname="tests.test_subscription.TestSubscriptionEndpoints" name="test_get_subscription_packages_no_auth" time="0.414" /><testcase classname="tests.test_subscription.TestSubscriptionEndpoints" name="test_get_subscription_packages_structure" time="0.411" /><testcase classname="tests.test_subscription.TestSubscriptionEndpoints" name="test_tier_features_included" time="0.410" /><testcase classname="tests.test_subscription.TestSubscriptionEndpoints" name="test_get_current_subscription_requires_auth" time="0.416" /><testcase classname="tests.test_subscription.TestSubscriptionEndpoints" name="test_get_current_subscription_authenticated" time="0.996" /><testcase classname="tests.test_subscription.TestSubscriptionEndpoints" name="test_create_checkout_session_requires_auth" time="0.442" /><testcase classname="tests.test_subscription.TestSubscriptionEndpoints" name="test_create_checkout_session_valid_package" time="1.482"><failure message="assert False == True">tests/test_subscription.py:96: in test_create_checkout_session_valid_package
    assert data["success"] == True
E   assert False == True</failure></testcase><testcase classname="tests.test_subscription.TestSubscriptionEndpoints" name="test_create_checkout_session_invalid_package" time="1.153" /></testsuite></testsuites>