<?xml version="1.0" encoding="utf-8"?><testsuites name="pytest tests"><testsuite name="pytest" errors="0" failures="0" skipped="0" tests="18" time="18.294" timestamp="2026-03-02T18:59:26.456557+00:00" hostname="agent-env-c44335f9-553d-45f7-931d-2abb84d64933"><testcase classname="tests.test_auth.TestAuthentication" name="test_health_endpoint" time="1.804" /><testcase classname="tests.test_auth.TestAuthentication" name="test_admin_login_returns_token_and_role" time="0.666" /><testcase classname="tests.test_auth.TestAuthentication" name="test_login_invalid_credentials" time="0.429" /><testcase classname="tests.test_auth.TestAuthentication" name="test_auth_me_returns_role" time="1.099" /><testcase classname="tests.test_auth.TestAuthentication" name="test_protected_endpoint_without_token" time="0.435" /><testcase classname="tests.test_signals.TestSignalEndpoints" name="test_get_signals_requires_auth" time="0.419" /><testcase classname="tests.test_signals.TestSignalEndpoints" name="test_get_signals_authenticated" time="1.004" /><testcase classname="tests.test_signals.TestSignalEndpoints" name="test_get_stats_requires_auth" time="0.436" /><testcase classname="tests.test_signals.TestSignalEndpoints" name="test_get_stats_authenticated" time="1.012" /><testcase classname="tests.test_signals.TestSignalEndpoints" name="test_get_active_signals" time="1.017" /><testcase classname="tests.test_subscription.TestSubscriptionEndpoints" name="test_get_subscription_packages_no_auth" time="0.442" /><testcase classname="tests.test_subscription.TestSubscriptionEndpoints" name="test_get_subscription_packages_structure" time="0.427" /><testcase classname="tests.test_subscription.TestSubscriptionEndpoints" name="test_tier_features_included" time="0.423" /><testcase classname="tests.test_subscription.TestSubscriptionEndpoints" name="test_get_current_subscription_requires_auth" time="0.411" /><testcase classname="tests.test_subscription.TestSubscriptionEndpoints" name="test_get_current_subscription_authenticated" time="1.000" /><testcase classname="tests.test_subscription.TestSubscriptionEndpoints" name="test_create_checkout_session_requires_auth" time="0.420" /><testcase classname="tests.test_subscription.TestSubscriptionEndpoints" name="test_create_checkout_session_valid_package" time="5.771" /><testcase classname="tests.test_subscription.TestSubscriptionEndpoints" name="test_create_checkout_session_invalid_package" time="1.023" /></testsuite></testsuites>